<?xml version="1.0" encoding="UTF-8"?>
<!-- Generated by org.testng.reporters.JUnitReportReporter -->
<testsuite hostname="LAPTOP-VFKJ2SC9" failures="0" tests="1" name="UberAdmin.UberAdmin" time="30.556" errors="0" timestamp="2023-10-05T02:01:40 IST" skipped="0">
  <testcase classname="UberAdmin.UberAdmin" name="CreateNewSoloInstructor" time="30.556"/>
  <system-out/>
</testsuite> <!-- UberAdmin.UberAdmin -->
