<?xml version="1.0" encoding="UTF-8"?>
<!-- Generated by org.testng.reporters.JUnitReportReporter -->
<testsuite hostname="LAPTOP-VFKJ2SC9" failures="0" tests="5" name="UberAdmin.Login_Test" time="14.137" errors="0" timestamp="2023-10-03T03:07:57 IST" skipped="0">
  <testcase classname="UberAdmin.Login_Test" name="verifyLoginWithNoData" time="0.241"/>
  <system-out/>
  <testcase classname="UberAdmin.Login_Test" name="verifyLoginWithCorrectCredentials" time="7.339"/>
  <system-out/>
  <testcase classname="UberAdmin.Login_Test" name="verifyLoginWithIncorrectCredentials" time="0.981"/>
  <system-out/>
  <testcase classname="UberAdmin.Login_Test" name="verifyLoginWithIncorrectCredentials" time="3.957"/>
  <system-out/>
  <testcase classname="UberAdmin.Login_Test" name="verifyLoginWithIncorrectCredentials" time="1.619"/>
  <system-out/>
</testsuite> <!-- UberAdmin.Login_Test -->
