<?xml version="1.0" encoding="UTF-8"?>
<!-- Generated by org.testng.reporters.JUnitReportReporter -->
<testsuite hostname="LAPTOP-VFKJ2SC9" failures="0" tests="6" name="tests.UberAdmin" time="71.848" errors="0" timestamp="2023-11-23T18:45:45 IST" skipped="0">
  <testcase classname="tests.UberAdmin" name="LoginWithInvalidCredentials" time="6.711"/>
  <system-out/>
  <testcase classname="tests.UberAdmin" name="LoginWithInvalidCredentials" time="7.098"/>
  <system-out/>
  <testcase classname="tests.UberAdmin" name="LoginWithInvalidCredentials" time="6.735"/>
  <system-out/>
  <testcase classname="tests.UberAdmin" name="LoginWithValidCredentials" time="15.930"/>
  <system-out/>
  <testcase classname="tests.UberAdmin" name="ForgotPassword" time="12.852"/>
  <system-out/>
  <testcase classname="tests.UberAdmin" name="CreateNewSoloInstructor" time="22.522"/>
  <system-out/>
</testsuite> <!-- tests.UberAdmin -->
