<?xml version="1.0" encoding="UTF-8"?>
<!-- Generated by org.testng.reporters.JUnitReportReporter -->
<testsuite hostname="LAPTOP-VFKJ2SC9" failures="0" tests="6" name="UberAdmin.UberAdmin" time="160.023" errors="0" timestamp="2023-10-05T01:17:51 IST" skipped="0">
  <testcase classname="UberAdmin.UberAdmin" name="LoginWithInvalidCredentials" time="25.068"/>
  <system-out/>
  <testcase classname="UberAdmin.UberAdmin" name="LoginWithInvalidCredentials" time="7.932"/>
  <system-out/>
  <testcase classname="UberAdmin.UberAdmin" name="LoginWithInvalidCredentials" time="10.697"/>
  <system-out/>
  <testcase classname="UberAdmin.UberAdmin" name="LoginWithValidCredentials" time="28.474"/>
  <system-out/>
  <testcase classname="UberAdmin.UberAdmin" name="ForgotPassword" time="30.692"/>
  <system-out/>
  <testcase classname="UberAdmin.UberAdmin" name="CreateNewSoloInstructor" time="57.160"/>
  <system-out/>
</testsuite> <!-- UberAdmin.UberAdmin -->
