<?xml version="1.0" encoding="UTF-8"?>
<!-- Generated by org.testng.reporters.JUnitReportReporter -->
<testsuite hostname="LAPTOP-VFKJ2SC9" failures="0" tests="1" name="UberAdmin.UberAdmin" time="50.655" errors="0" timestamp="2023-10-09T14:19:55 IST" skipped="0">
  <testcase classname="UberAdmin.UberAdmin" name="CreateNewSoloInstructor" time="50.655"/>
  <system-out/>
</testsuite> <!-- UberAdmin.UberAdmin -->
