<?xml version="1.0" encoding="UTF-8"?>
<!-- Generated by org.testng.reporters.JUnitReportReporter -->
<testsuite hostname="LAPTOP-VFKJ2SC9" failures="0" tests="6" name="tests.UberAdmin" time="69.540" errors="0" timestamp="2023-11-23T15:51:23 IST" skipped="0">
  <testcase classname="tests.UberAdmin" name="LoginWithInvalidCredentials" time="13.060"/>
  <system-out/>
  <testcase classname="tests.UberAdmin" name="LoginWithInvalidCredentials" time="6.393"/>
  <system-out/>
  <testcase classname="tests.UberAdmin" name="LoginWithInvalidCredentials" time="6.472"/>
  <system-out/>
  <testcase classname="tests.UberAdmin" name="LoginWithValidCredentials" time="12.267"/>
  <system-out/>
  <testcase classname="tests.UberAdmin" name="ForgotPassword" time="10.082"/>
  <system-out/>
  <testcase classname="tests.UberAdmin" name="CreateNewSoloInstructor" time="21.266"/>
  <system-out/>
</testsuite> <!-- tests.UberAdmin -->
