<?xml version="1.0" encoding="UTF-8"?>
<!-- Generated by org.testng.reporters.JUnitReportReporter -->
<testsuite hostname="LAPTOP-VFKJ2SC9" failures="0" tests="1" name="UberAdmin.Forgot_Password_Test" time="2.808" errors="0" timestamp="2023-10-04T20:11:48 IST" skipped="0">
  <testcase classname="UberAdmin.Forgot_Password_Test" name="ForgotPassword" time="2.808"/>
  <system-out/>
</testsuite> <!-- UberAdmin.Forgot_Password_Test -->
