<?xml version="1.0" encoding="UTF-8"?>
<!-- Generated by org.testng.reporters.JUnitReportReporter -->
<testsuite hostname="LAPTOP-VFKJ2SC9" failures="0" tests="3" name="UberAdmin.Login" time="55.836" errors="0" timestamp="2023-10-04T22:09:23 IST" skipped="0">
  <testcase classname="UberAdmin.Login" name="LoginWithInvalidCredentials" time="32.666"/>
  <system-out/>
  <testcase classname="UberAdmin.Login" name="LoginWithInvalidCredentials" time="11.073"/>
  <system-out/>
  <testcase classname="UberAdmin.Login" name="LoginWithInvalidCredentials" time="12.097"/>
  <system-out/>
</testsuite> <!-- UberAdmin.Login -->
