<?xml version="1.0" encoding="UTF-8"?>
<!-- Generated by org.testng.reporters.JUnitReportReporter -->
<testsuite hostname="LAPTOP-VFKJ2SC9" failures="0" tests="6" name="UberAdmin.UberAdmin" time="81.629" errors="0" timestamp="2023-11-02T16:20:57 IST" skipped="0">
  <testcase classname="UberAdmin.UberAdmin" name="LoginWithInvalidCredentials" time="7.542"/>
  <testcase classname="UberAdmin.UberAdmin" name="LoginWithInvalidCredentials" time="10.039"/>
  <testcase classname="UberAdmin.UberAdmin" name="LoginWithInvalidCredentials" time="6.967"/>
  <testcase classname="UberAdmin.UberAdmin" name="LoginWithValidCredentials" time="20.556"/>
  <testcase classname="UberAdmin.UberAdmin" name="ForgotPassword" time="12.062"/>
  <testcase classname="UberAdmin.UberAdmin" name="CreateNewSoloInstructor" time="24.463"/>
</testsuite> <!-- UberAdmin.UberAdmin -->
