<?xml version="1.0" encoding="UTF-8"?>
<!-- Generated by org.testng.reporters.JUnitReportReporter -->
<testsuite hostname="LAPTOP-VFKJ2SC9" failures="0" tests="1" name="UberAdmin.Create_Solo_Instructor_Test" time="7.331" errors="0" timestamp="2023-10-04T20:14:07 IST" skipped="0">
  <testcase classname="UberAdmin.Create_Solo_Instructor_Test" name="CreateNewSoloInst" time="7.331"/>
  <system-out/>
</testsuite> <!-- UberAdmin.Create_Solo_Instructor_Test -->
