<?xml version="1.0" encoding="UTF-8"?>
<!-- Generated by org.testng.reporters.JUnitReportReporter -->
<testsuite hostname="LAPTOP-VFKJ2SC9" failures="0" tests="6" name="UberAdmin.UberAdmin" time="83.897" errors="0" timestamp="2023-11-02T15:29:16 IST" skipped="0">
  <testcase classname="UberAdmin.UberAdmin" name="LoginWithInvalidCredentials" time="16.617"/>
  <system-out/>
  <testcase classname="UberAdmin.UberAdmin" name="LoginWithInvalidCredentials" time="7.563"/>
  <system-out/>
  <testcase classname="UberAdmin.UberAdmin" name="LoginWithInvalidCredentials" time="6.830"/>
  <system-out/>
  <testcase classname="UberAdmin.UberAdmin" name="LoginWithValidCredentials" time="17.244"/>
  <system-out/>
  <testcase classname="UberAdmin.UberAdmin" name="ForgotPassword" time="11.733"/>
  <system-out/>
  <testcase classname="UberAdmin.UberAdmin" name="CreateNewSoloInstructor" time="23.910"/>
  <system-out/>
</testsuite> <!-- UberAdmin.UberAdmin -->
