<?xml version="1.0" encoding="UTF-8"?>
<!-- Generated by org.testng.reporters.JUnitReportReporter -->
<testsuite hostname="LAPTOP-VFKJ2SC9" failures="0" tests="6" name="UberAdmin.UberAdmin" time="82.836" errors="0" timestamp="2023-11-02T15:54:37 IST" skipped="0">
  <testcase classname="UberAdmin.UberAdmin" name="LoginWithInvalidCredentials" time="12.566"/>
  <system-out/>
  <testcase classname="UberAdmin.UberAdmin" name="LoginWithInvalidCredentials" time="8.302"/>
  <system-out/>
  <testcase classname="UberAdmin.UberAdmin" name="LoginWithInvalidCredentials" time="8.052"/>
  <system-out/>
  <testcase classname="UberAdmin.UberAdmin" name="LoginWithValidCredentials" time="18.688"/>
  <system-out/>
  <testcase classname="UberAdmin.UberAdmin" name="ForgotPassword" time="12.000"/>
  <system-out/>
  <testcase classname="UberAdmin.UberAdmin" name="CreateNewSoloInstructor" time="23.228"/>
  <system-out/>
</testsuite> <!-- UberAdmin.UberAdmin -->
