<?xml version="1.0" encoding="UTF-8"?>
<!-- Generated by org.testng.reporters.JUnitReportReporter -->
<testsuite hostname="LAPTOP-VFKJ2SC9" failures="0" tests="6" name="UberAdmin.UberAdmin" time="82.552" errors="0" timestamp="2023-11-02T14:56:43 IST" skipped="0">
  <testcase classname="UberAdmin.UberAdmin" name="LoginWithInvalidCredentials" time="7.641"/>
  <system-out/>
  <testcase classname="UberAdmin.UberAdmin" name="LoginWithInvalidCredentials" time="6.978"/>
  <system-out/>
  <testcase classname="UberAdmin.UberAdmin" name="LoginWithInvalidCredentials" time="7.912"/>
  <system-out/>
  <testcase classname="UberAdmin.UberAdmin" name="LoginWithValidCredentials" time="19.006"/>
  <system-out/>
  <testcase classname="UberAdmin.UberAdmin" name="ForgotPassword" time="18.513"/>
  <system-out/>
  <testcase classname="UberAdmin.UberAdmin" name="CreateNewSoloInstructor" time="22.502"/>
  <system-out/>
</testsuite> <!-- UberAdmin.UberAdmin -->
