<?xml version="1.0" encoding="UTF-8"?>
<!-- Generated by org.testng.reporters.JUnitReportReporter -->
<testsuite hostname="LAPTOP-VFKJ2SC9" failures="0" tests="6" name="UberAdmin.UberAdmin" time="83.479" errors="0" timestamp="2023-11-02T14:09:56 IST" skipped="0">
  <testcase classname="UberAdmin.UberAdmin" name="LoginWithInvalidCredentials" time="12.075"/>
  <system-out/>
  <testcase classname="UberAdmin.UberAdmin" name="LoginWithInvalidCredentials" time="7.126"/>
  <system-out/>
  <testcase classname="UberAdmin.UberAdmin" name="LoginWithInvalidCredentials" time="7.337"/>
  <system-out/>
  <testcase classname="UberAdmin.UberAdmin" name="LoginWithValidCredentials" time="20.931"/>
  <system-out/>
  <testcase classname="UberAdmin.UberAdmin" name="ForgotPassword" time="11.597"/>
  <system-out/>
  <testcase classname="UberAdmin.UberAdmin" name="CreateNewSoloInstructor" time="24.413"/>
  <system-out/>
</testsuite> <!-- UberAdmin.UberAdmin -->
