<?xml version="1.0" encoding="UTF-8"?>
<!-- Generated by org.testng.reporters.JUnitReportReporter -->
<testsuite hostname="LAPTOP-VFKJ2SC9" failures="0" tests="5" name="UberAdmin.Login_Test" time="20.569" errors="0" timestamp="2023-10-03T03:11:05 IST" skipped="0">
  <testcase classname="UberAdmin.Login_Test" name="verifyLoginWithNoData" time="0.179"/>
  <system-out/>
  <testcase classname="UberAdmin.Login_Test" name="verifyLoginWithIncorrectCredentials" time="4.726"/>
  <system-out/>
  <testcase classname="UberAdmin.Login_Test" name="verifyLoginWithIncorrectCredentials" time="2.237"/>
  <system-out/>
  <testcase classname="UberAdmin.Login_Test" name="verifyLoginWithCorrectCredentials" time="11.823"/>
  <system-out/>
  <testcase classname="UberAdmin.Login_Test" name="verifyLoginWithIncorrectCredentials" time="1.604"/>
  <system-out/>
</testsuite> <!-- UberAdmin.Login_Test -->
