<?xml version="1.0" encoding="UTF-8"?>
<!-- Generated by org.testng.reporters.JUnitReportReporter -->
<testsuite hostname="LAPTOP-VFKJ2SC9" failures="0" tests="1" name="UberAdmin.Forgot_Password_Test" time="3.777" errors="0" timestamp="2023-10-03T03:11:05 IST" skipped="0">
  <testcase classname="UberAdmin.Forgot_Password_Test" name="ForgotPassword" time="3.777"/>
  <system-out/>
</testsuite> <!-- UberAdmin.Forgot_Password_Test -->
