<?xml version="1.0" encoding="UTF-8"?>
<!-- Generated by org.testng.reporters.JUnitReportReporter -->
<testsuite hostname="LAPTOP-VFKJ2SC9" failures="0" tests="6" name="UberAdmin.UberAdmin" time="88.076" errors="0" timestamp="2023-11-02T16:11:59 IST" skipped="0">
  <testcase classname="UberAdmin.UberAdmin" name="LoginWithInvalidCredentials" time="10.129"/>
  <testcase classname="UberAdmin.UberAdmin" name="LoginWithInvalidCredentials" time="7.869"/>
  <testcase classname="UberAdmin.UberAdmin" name="LoginWithInvalidCredentials" time="8.427"/>
  <testcase classname="UberAdmin.UberAdmin" name="LoginWithValidCredentials" time="23.022"/>
  <testcase classname="UberAdmin.UberAdmin" name="ForgotPassword" time="14.953"/>
  <testcase classname="UberAdmin.UberAdmin" name="CreateNewSoloInstructor" time="23.676"/>
</testsuite> <!-- UberAdmin.UberAdmin -->
