<?xml version="1.0" encoding="UTF-8"?>
<!-- Generated by org.testng.reporters.JUnitReportReporter -->
<testsuite hostname="LAPTOP-VFKJ2SC9" failures="0" tests="6" name="UberAdmin.UberAdmin" time="77.999" errors="0" timestamp="2023-11-14T00:16:22 IST" skipped="0">
  <testcase classname="UberAdmin.UberAdmin" name="LoginWithInvalidCredentials" time="6.972"/>
  <testcase classname="UberAdmin.UberAdmin" name="LoginWithInvalidCredentials" time="7.229"/>
  <testcase classname="UberAdmin.UberAdmin" name="LoginWithInvalidCredentials" time="7.390"/>
  <testcase classname="UberAdmin.UberAdmin" name="LoginWithValidCredentials" time="17.704"/>
  <testcase classname="UberAdmin.UberAdmin" name="ForgotPassword" time="14.039"/>
  <testcase classname="UberAdmin.UberAdmin" name="CreateNewSoloInstructor" time="24.665"/>
</testsuite> <!-- UberAdmin.UberAdmin -->
